2025-10-28 19:40:05.274 [http-nio-8080-exec-1] INFO  c.m.b.s.JwtAuthenticationFilter - Attempting to authenticate user: /api/rooms/available
2025-10-28 19:40:07.278 [http-nio-8080-exec-2] INFO  c.m.b.s.JwtAuthenticationFilter - Attempting to authenticate user: /api/rooms/1
2025-10-28 19:40:07.329 [http-nio-8080-exec-3] INFO  c.m.b.s.JwtAuthenticationFilter - Attempting to authenticate user: /api/bookings/room/1
2025-10-28 19:40:12.191 [http-nio-8080-exec-5] INFO  c.m.b.s.JwtAuthenticationFilter - Attempting to authenticate user: /api/dashboard
2025-10-28 19:40:12.329 [http-nio-8080-exec-6] INFO  c.m.b.s.JwtAuthenticationFilter - Attempting to authenticate user: /api/rooms/available
2025-10-28 19:40:25.558 [http-nio-8080-exec-8] INFO  c.m.b.s.JwtAuthenticationFilter - Attempting to authenticate user: /api/rooms/available
2025-10-28 19:40:35.567 [http-nio-8080-exec-10] INFO  c.m.b.s.JwtAuthenticationFilter - Attempting to authenticate user: /api/rooms/1
2025-10-28 19:40:35.605 [http-nio-8080-exec-1] INFO  c.m.b.s.JwtAuthenticationFilter - Attempting to authenticate user: /api/bookings/room/1
2025-10-28 19:40:49.547 [http-nio-8080-exec-3] INFO  c.m.b.s.JwtAuthenticationFilter - Attempting to authenticate user: /api/rooms/available
2025-10-28 19:40:51.124 [http-nio-8080-exec-4] INFO  c.m.b.s.JwtAuthenticationFilter - Attempting to authenticate user: /api/rooms/2
2025-10-28 19:40:51.151 [http-nio-8080-exec-5] INFO  c.m.b.s.JwtAuthenticationFilter - Attempting to authenticate user: /api/bookings/room/2
2025-10-28 19:40:52.591 [http-nio-8080-exec-6] INFO  c.m.b.s.JwtAuthenticationFilter - Attempting to authenticate user: /api/dashboard
2025-10-28 19:40:52.638 [http-nio-8080-exec-7] INFO  c.m.b.s.JwtAuthenticationFilter - Attempting to authenticate user: /api/rooms/available
2025-10-28 19:40:54.417 [http-nio-8080-exec-9] INFO  c.m.b.s.JwtAuthenticationFilter - Attempting to authenticate user: /api/rooms/available
2025-10-28 19:40:55.191 [http-nio-8080-exec-10] INFO  c.m.b.s.JwtAuthenticationFilter - Attempting to authenticate user: /api/dashboard
2025-10-28 19:40:55.212 [http-nio-8080-exec-1] INFO  c.m.b.s.JwtAuthenticationFilter - Attempting to authenticate user: /api/rooms/available
2025-10-28 19:44:00.132 [http-nio-8080-exec-4] INFO  c.m.b.s.JwtAuthenticationFilter - Attempting to authenticate user: /api/rooms/available
2025-10-28 19:44:04.030 [http-nio-8080-exec-7] INFO  c.m.b.s.JwtAuthenticationFilter - Attempting to authenticate user: /api/dashboard
2025-10-28 19:44:04.067 [http-nio-8080-exec-8] INFO  c.m.b.s.JwtAuthenticationFilter - Attempting to authenticate user: /api/rooms/available
2025-10-28 19:45:28.894 [http-nio-8080-exec-1] INFO  c.m.b.s.JwtAuthenticationFilter - Attempting to authenticate user: /api/dashboard
2025-10-28 19:45:36.685 [http-nio-8080-exec-2] INFO  c.m.b.s.JwtAuthenticationFilter - Attempting to authenticate user: /api/rooms/available
2025-10-28 19:50:17.237 [http-nio-8080-exec-1] INFO  c.m.b.s.JwtAuthenticationFilter - Attempting to authenticate user: /api/rooms/available
2025-10-28 19:50:18.686 [http-nio-8080-exec-4] INFO  c.m.b.s.JwtAuthenticationFilter - Attempting to authenticate user: /api/rooms/1
2025-10-28 19:50:18.730 [http-nio-8080-exec-6] INFO  c.m.b.s.JwtAuthenticationFilter - Attempting to authenticate user: /api/bookings/room/1
2025-10-28 19:50:21.351 [http-nio-8080-exec-7] INFO  c.m.b.s.JwtAuthenticationFilter - Attempting to authenticate user: /api/dashboard
2025-10-28 19:50:21.383 [http-nio-8080-exec-8] INFO  c.m.b.s.JwtAuthenticationFilter - Attempting to authenticate user: /api/rooms/available
2025-10-28 19:51:22.385 [http-nio-8080-exec-1] INFO  c.m.b.s.JwtAuthenticationFilter - Attempting to authenticate user: /api/bookings/my-bookings
2025-10-28 19:51:24.842 [http-nio-8080-exec-2] INFO  c.m.b.s.JwtAuthenticationFilter - Attempting to authenticate user: /api/rooms/available
2025-10-28 19:51:26.058 [http-nio-8080-exec-3] INFO  c.m.b.s.JwtAuthenticationFilter - Attempting to authenticate user: /api/dashboard
2025-10-28 19:51:26.096 [http-nio-8080-exec-4] INFO  c.m.b.s.JwtAuthenticationFilter - Attempting to authenticate user: /api/rooms/available
2025-10-28 19:57:38.945 [http-nio-8080-exec-1] INFO  c.m.b.s.JwtAuthenticationFilter - Attempting to authenticate user: /api/rooms/available
2025-10-28 19:57:44.960 [http-nio-8080-exec-3] INFO  c.m.b.s.JwtAuthenticationFilter - Attempting to authenticate user: /api/bookings/my-bookings
2025-10-28 19:57:47.147 [http-nio-8080-exec-4] INFO  c.m.b.s.JwtAuthenticationFilter - Attempting to authenticate user: /api/dashboard
2025-10-28 19:57:47.186 [http-nio-8080-exec-5] INFO  c.m.b.s.JwtAuthenticationFilter - Attempting to authenticate user: /api/rooms/available
2025-10-28 20:06:18.715 [http-nio-8080-exec-2] INFO  c.m.b.s.JwtAuthenticationFilter - Attempting to authenticate user: /api/rooms/available
2025-10-28 20:06:20.559 [http-nio-8080-exec-1] INFO  c.m.b.s.JwtAuthenticationFilter - Attempting to authenticate user: /api/dashboard
2025-10-28 20:06:20.753 [http-nio-8080-exec-3] INFO  c.m.b.s.JwtAuthenticationFilter - Attempting to authenticate user: /api/rooms/available
2025-10-28 20:12:20.192 [http-nio-8080-exec-1] INFO  c.m.b.s.JwtAuthenticationFilter - Attempting to authenticate user: /api/rooms/available
2025-10-28 20:12:21.468 [http-nio-8080-exec-2] INFO  c.m.b.s.JwtAuthenticationFilter - Attempting to authenticate user: /api/dashboard
2025-10-28 20:12:21.694 [http-nio-8080-exec-3] INFO  c.m.b.s.JwtAuthenticationFilter - Attempting to authenticate user: /api/rooms/available
2025-10-28 20:12:54.213 [http-nio-8080-exec-5] INFO  c.m.b.s.JwtAuthenticationFilter - Attempting to authenticate user: /api/rooms/available
2025-10-28 20:39:36.778 [http-nio-8080-exec-1] INFO  c.m.b.s.JwtAuthenticationFilter - Attempting to authenticate user: /api/rooms/available
2025-10-28 20:39:38.506 [http-nio-8080-exec-2] INFO  c.m.b.s.JwtAuthenticationFilter - Attempting to authenticate user: /api/rooms/1
2025-10-28 20:39:38.555 [http-nio-8080-exec-3] INFO  c.m.b.s.JwtAuthenticationFilter - Attempting to authenticate user: /api/bookings/room/1
2025-10-28 20:39:41.350 [http-nio-8080-exec-5] INFO  c.m.b.s.JwtAuthenticationFilter - Attempting to authenticate user: /api/dashboard
2025-10-28 20:39:41.419 [http-nio-8080-exec-6] INFO  c.m.b.s.JwtAuthenticationFilter - Attempting to authenticate user: /api/rooms/available
2025-10-28 20:40:45.477 [http-nio-8080-exec-1] INFO  c.m.b.s.JwtAuthenticationFilter - Attempting to authenticate user: /api/rooms/available
2025-10-28 20:40:46.505 [http-nio-8080-exec-2] INFO  c.m.b.s.JwtAuthenticationFilter - Attempting to authenticate user: /api/dashboard
2025-10-28 20:40:57.710 [http-nio-8080-exec-3] INFO  c.m.b.s.JwtAuthenticationFilter - Attempting to authenticate user: /api/rooms/available
2025-10-28 20:43:43.072 [http-nio-8080-exec-1] INFO  c.m.b.s.JwtAuthenticationFilter - Attempting to authenticate user: /api/rooms/available
2025-10-28 20:43:44.066 [http-nio-8080-exec-2] INFO  c.m.b.s.JwtAuthenticationFilter - Attempting to authenticate user: /api/dashboard
2025-10-28 20:43:44.262 [http-nio-8080-exec-3] INFO  c.m.b.s.JwtAuthenticationFilter - Attempting to authenticate user: /api/rooms/available
2025-10-28 20:44:49.238 [http-nio-8080-exec-2] INFO  c.m.b.s.JwtAuthenticationFilter - Attempting to authenticate user: /api/rooms/available
2025-10-28 20:44:50.220 [http-nio-8080-exec-4] INFO  c.m.b.s.JwtAuthenticationFilter - Attempting to authenticate user: /api/dashboard
2025-10-28 20:44:50.393 [http-nio-8080-exec-5] INFO  c.m.b.s.JwtAuthenticationFilter - Attempting to authenticate user: /api/rooms/available
2025-10-28 20:47:11.303 [http-nio-8080-exec-2] INFO  c.m.b.s.JwtAuthenticationFilter - Attempting to authenticate user: /api/bookings/my-bookings
2025-10-28 20:47:13.738 [http-nio-8080-exec-3] INFO  c.m.b.s.JwtAuthenticationFilter - Attempting to authenticate user: /api/dashboard
2025-10-28 20:47:13.792 [http-nio-8080-exec-4] INFO  c.m.b.s.JwtAuthenticationFilter - Attempting to authenticate user: /api/rooms/available
2025-10-28 20:47:15.372 [http-nio-8080-exec-5] INFO  c.m.b.s.JwtAuthenticationFilter - Attempting to authenticate user: /api/rooms/available
2025-10-28 20:47:16.753 [http-nio-8080-exec-6] INFO  c.m.b.s.JwtAuthenticationFilter - Attempting to authenticate user: /api/bookings/my-bookings
2025-10-28 20:47:17.613 [http-nio-8080-exec-7] INFO  c.m.b.s.JwtAuthenticationFilter - Attempting to authenticate user: /api/rooms/available
2025-10-28 20:47:25.643 [http-nio-8080-exec-9] INFO  c.m.b.s.JwtAuthenticationFilter - Attempting to authenticate user: /api/rooms/available
2025-10-28 20:47:27.459 [http-nio-8080-exec-10] INFO  c.m.b.s.JwtAuthenticationFilter - Attempting to authenticate user: /api/dashboard
2025-10-28 20:47:27.492 [http-nio-8080-exec-1] INFO  c.m.b.s.JwtAuthenticationFilter - Attempting to authenticate user: /api/rooms/available
2025-10-28 20:49:01.304 [http-nio-8080-exec-1] INFO  c.m.b.s.JwtAuthenticationFilter - Attempting to authenticate user: /api/rooms/available
2025-10-28 20:49:02.201 [http-nio-8080-exec-2] INFO  c.m.b.s.JwtAuthenticationFilter - Attempting to authenticate user: /api/dashboard
2025-10-28 20:49:02.245 [http-nio-8080-exec-3] INFO  c.m.b.s.JwtAuthenticationFilter - Attempting to authenticate user: /api/rooms/available
2025-10-28 20:49:04.549 [http-nio-8080-exec-5] INFO  c.m.b.s.JwtAuthenticationFilter - Attempting to authenticate user: /api/dashboard
2025-10-28 20:52:28.712 [http-nio-8080-exec-1] INFO  c.m.b.s.JwtAuthenticationFilter - Attempting to authenticate user: /api/rooms/available
2025-10-28 20:52:29.563 [http-nio-8080-exec-2] INFO  c.m.b.s.JwtAuthenticationFilter - Attempting to authenticate user: /api/dashboard
2025-10-28 20:52:29.784 [http-nio-8080-exec-3] INFO  c.m.b.s.JwtAuthenticationFilter - Attempting to authenticate user: /api/rooms/available
2025-10-28 21:51:41.263 [http-nio-8080-exec-1] INFO  c.m.b.s.JwtAuthenticationFilter - Attempting to authenticate user: /api/rooms/available
2025-10-28 21:51:42.241 [http-nio-8080-exec-2] INFO  c.m.b.s.JwtAuthenticationFilter - Attempting to authenticate user: /api/dashboard
2025-10-28 21:51:42.486 [http-nio-8080-exec-4] INFO  c.m.b.s.JwtAuthenticationFilter - Attempting to authenticate user: /api/rooms/available
2025-10-28 21:51:47.924 [http-nio-8080-exec-6] INFO  c.m.b.s.JwtAuthenticationFilter - Attempting to authenticate user: /api/rooms/available
2025-10-28 21:51:48.906 [http-nio-8080-exec-7] INFO  c.m.b.s.JwtAuthenticationFilter - Attempting to authenticate user: /api/dashboard
2025-10-28 21:51:48.949 [http-nio-8080-exec-8] INFO  c.m.b.s.JwtAuthenticationFilter - Attempting to authenticate user: /api/rooms/available
2025-10-28 21:51:51.796 [http-nio-8080-exec-9] INFO  c.m.b.s.JwtAuthenticationFilter - Attempting to authenticate user: /api/rooms/available
2025-10-28 21:51:52.631 [http-nio-8080-exec-1] INFO  c.m.b.s.JwtAuthenticationFilter - Attempting to authenticate user: /api/dashboard
2025-10-28 21:51:52.661 [http-nio-8080-exec-2] INFO  c.m.b.s.JwtAuthenticationFilter - Attempting to authenticate user: /api/rooms/available
2025-10-28 21:53:30.281 [http-nio-8080-exec-1] INFO  c.m.b.s.JwtAuthenticationFilter - Attempting to authenticate user: /api/rooms/available
2025-10-28 21:53:32.013 [http-nio-8080-exec-2] INFO  c.m.b.s.JwtAuthenticationFilter - Attempting to authenticate user: /api/dashboard
2025-10-28 21:53:32.241 [http-nio-8080-exec-3] INFO  c.m.b.s.JwtAuthenticationFilter - Attempting to authenticate user: /api/rooms/available
2025-10-28 21:57:06.568 [http-nio-8080-exec-1] INFO  c.m.b.s.JwtAuthenticationFilter - Attempting to authenticate user: /api/rooms/available
2025-10-28 21:57:07.676 [http-nio-8080-exec-3] INFO  c.m.b.s.JwtAuthenticationFilter - Attempting to authenticate user: /api/dashboard
2025-10-28 21:57:07.890 [http-nio-8080-exec-4] INFO  c.m.b.s.JwtAuthenticationFilter - Attempting to authenticate user: /api/rooms/available
2025-10-28 22:00:01.214 [http-nio-8080-exec-1] INFO  c.m.b.s.JwtAuthenticationFilter - Attempting to authenticate user: /api/bookings/my-bookings
2025-10-28 22:00:04.735 [http-nio-8080-exec-2] INFO  c.m.b.s.JwtAuthenticationFilter - Attempting to authenticate user: /api/rooms/available
2025-10-28 22:00:05.820 [http-nio-8080-exec-3] INFO  c.m.b.s.JwtAuthenticationFilter - Attempting to authenticate user: /api/dashboard
2025-10-28 22:00:05.850 [http-nio-8080-exec-4] INFO  c.m.b.s.JwtAuthenticationFilter - Attempting to authenticate user: /api/rooms/available
2025-10-28 22:05:38.789 [http-nio-8080-exec-1] INFO  c.m.b.s.JwtAuthenticationFilter - Attempting to authenticate user: /api/rooms/available
2025-10-28 22:05:39.703 [http-nio-8080-exec-2] INFO  c.m.b.s.JwtAuthenticationFilter - Attempting to authenticate user: /api/dashboard
2025-10-28 22:05:39.944 [http-nio-8080-exec-3] INFO  c.m.b.s.JwtAuthenticationFilter - Attempting to authenticate user: /api/rooms/available
2025-10-28 22:06:04.725 [http-nio-8080-exec-6] INFO  c.m.b.s.JwtAuthenticationFilter - Attempting to authenticate user: /api/rooms/1
2025-10-28 22:06:04.774 [http-nio-8080-exec-8] INFO  c.m.b.s.JwtAuthenticationFilter - Attempting to authenticate user: /api/bookings/room/1
2025-10-28 22:06:32.912 [http-nio-8080-exec-10] INFO  c.m.b.s.JwtAuthenticationFilter - Attempting to authenticate user: /api/bookings/my-bookings
2025-10-28 22:07:03.634 [http-nio-8080-exec-2] INFO  c.m.b.s.JwtAuthenticationFilter - Attempting to authenticate user: /api/dashboard
2025-10-28 22:07:03.718 [http-nio-8080-exec-3] INFO  c.m.b.s.JwtAuthenticationFilter - Attempting to authenticate user: /api/rooms/available
2025-10-28 22:07:46.556 [http-nio-8080-exec-5] INFO  c.m.b.s.JwtAuthenticationFilter - Attempting to authenticate user: /api/bookings/my-bookings
2025-10-28 22:07:54.849 [http-nio-8080-exec-7] INFO  c.m.b.s.JwtAuthenticationFilter - Attempting to authenticate user: /api/rooms/available
2025-10-28 22:08:08.239 [http-nio-8080-exec-9] INFO  c.m.b.s.JwtAuthenticationFilter - Attempting to authenticate user: /api/dashboard
2025-10-28 22:08:08.300 [http-nio-8080-exec-10] INFO  c.m.b.s.JwtAuthenticationFilter - Attempting to authenticate user: /api/rooms/available
2025-10-28 22:09:20.045 [http-nio-8080-exec-3] INFO  c.m.b.s.JwtAuthenticationFilter - Attempting to authenticate user: /api/bookings/1
2025-10-28 22:09:20.176 [http-nio-8080-exec-4] INFO  c.m.b.s.JwtAuthenticationFilter - Attempting to authenticate user: /api/dashboard
2025-10-28 22:09:32.307 [http-nio-8080-exec-6] INFO  c.m.b.s.JwtAuthenticationFilter - Attempting to authenticate user: /api/rooms/available
2025-10-28 22:09:34.021 [http-nio-8080-exec-7] INFO  c.m.b.s.JwtAuthenticationFilter - Attempting to authenticate user: /api/rooms/1
2025-10-28 22:09:34.066 [http-nio-8080-exec-8] INFO  c.m.b.s.JwtAuthenticationFilter - Attempting to authenticate user: /api/bookings/room/1
2025-10-28 22:10:09.660 [http-nio-8080-exec-10] INFO  c.m.b.s.JwtAuthenticationFilter - Attempting to authenticate user: /api/rooms/available
2025-10-28 22:10:11.782 [http-nio-8080-exec-2] INFO  c.m.b.s.JwtAuthenticationFilter - Attempting to authenticate user: /api/rooms/2
2025-10-28 22:10:11.813 [http-nio-8080-exec-4] INFO  c.m.b.s.JwtAuthenticationFilter - Attempting to authenticate user: /api/bookings/room/2
2025-10-28 22:10:20.837 [http-nio-8080-exec-6] INFO  c.m.b.s.JwtAuthenticationFilter - Attempting to authenticate user: /api/rooms/available
2025-10-28 22:10:21.994 [http-nio-8080-exec-8] INFO  c.m.b.s.JwtAuthenticationFilter - Attempting to authenticate user: /api/rooms/3
2025-10-28 22:10:22.018 [http-nio-8080-exec-10] INFO  c.m.b.s.JwtAuthenticationFilter - Attempting to authenticate user: /api/bookings/room/3
2025-10-28 22:10:28.375 [http-nio-8080-exec-2] INFO  c.m.b.s.JwtAuthenticationFilter - Attempting to authenticate user: /api/rooms/available
2025-10-28 22:10:29.805 [http-nio-8080-exec-3] INFO  c.m.b.s.JwtAuthenticationFilter - Attempting to authenticate user: /api/rooms/2
2025-10-28 22:10:29.831 [http-nio-8080-exec-4] INFO  c.m.b.s.JwtAuthenticationFilter - Attempting to authenticate user: /api/bookings/room/2
2025-10-28 22:11:09.656 [http-nio-8080-exec-6] INFO  c.m.b.s.JwtAuthenticationFilter - Attempting to authenticate user: /api/rooms/available
2025-10-28 22:11:12.245 [http-nio-8080-exec-7] INFO  c.m.b.s.JwtAuthenticationFilter - Attempting to authenticate user: /api/rooms/2
2025-10-28 22:11:12.262 [http-nio-8080-exec-8] INFO  c.m.b.s.JwtAuthenticationFilter - Attempting to authenticate user: /api/bookings/room/2
2025-10-28 22:12:18.221 [http-nio-8080-exec-10] INFO  c.m.b.s.JwtAuthenticationFilter - Attempting to authenticate user: /api/rooms/available
2025-10-28 22:12:20.276 [http-nio-8080-exec-2] INFO  c.m.b.s.JwtAuthenticationFilter - Attempting to authenticate user: /api/rooms/4
2025-10-28 22:12:20.304 [http-nio-8080-exec-4] INFO  c.m.b.s.JwtAuthenticationFilter - Attempting to authenticate user: /api/bookings/room/4
2025-10-28 22:20:40.868 [http-nio-8080-exec-1] INFO  c.m.b.s.JwtAuthenticationFilter - Attempting to authenticate user: /api/dashboard
2025-10-28 22:20:41.175 [http-nio-8080-exec-2] INFO  c.m.b.s.JwtAuthenticationFilter - Attempting to authenticate user: /api/rooms/available
2025-10-28 22:20:44.562 [http-nio-8080-exec-4] INFO  c.m.b.s.JwtAuthenticationFilter - Attempting to authenticate user: /api/rooms/available
2025-10-28 22:20:45.773 [http-nio-8080-exec-5] INFO  c.m.b.s.JwtAuthenticationFilter - Attempting to authenticate user: /api/bookings/my-bookings
2025-10-28 22:20:47.954 [http-nio-8080-exec-7] INFO  c.m.b.s.JwtAuthenticationFilter - Attempting to authenticate user: /api/rooms/available
2025-10-28 22:20:51.916 [http-nio-8080-exec-8] INFO  c.m.b.s.JwtAuthenticationFilter - Attempting to authenticate user: /api/dashboard
2025-10-28 22:20:51.969 [http-nio-8080-exec-9] INFO  c.m.b.s.JwtAuthenticationFilter - Attempting to authenticate user: /api/rooms/available
2025-10-28 22:21:08.229 [http-nio-8080-exec-2] INFO  c.m.b.s.JwtAuthenticationFilter - Attempting to authenticate user: /api/bookings
2025-10-28 22:21:14.708 [http-nio-8080-exec-3] INFO  c.m.b.s.JwtAuthenticationFilter - Attempting to authenticate user: /api/bookings
2025-10-28 22:21:14.815 [http-nio-8080-exec-4] INFO  c.m.b.s.JwtAuthenticationFilter - Attempting to authenticate user: /api/dashboard
2025-10-28 22:21:43.038 [http-nio-8080-exec-6] INFO  c.m.b.s.JwtAuthenticationFilter - Attempting to authenticate user: /api/bookings
2025-10-28 22:21:59.350 [http-nio-8080-exec-7] INFO  c.m.b.s.JwtAuthenticationFilter - Attempting to authenticate user: /api/bookings
2025-10-28 22:21:59.395 [http-nio-8080-exec-8] INFO  c.m.b.s.JwtAuthenticationFilter - Attempting to authenticate user: /api/dashboard
2025-10-28 22:22:07.033 [http-nio-8080-exec-10] INFO  c.m.b.s.JwtAuthenticationFilter - Attempting to authenticate user: /api/rooms/available
2025-10-28 22:22:08.531 [http-nio-8080-exec-2] INFO  c.m.b.s.JwtAuthenticationFilter - Attempting to authenticate user: /api/rooms/1
2025-10-28 22:22:08.577 [http-nio-8080-exec-3] INFO  c.m.b.s.JwtAuthenticationFilter - Attempting to authenticate user: /api/bookings/room/1
2025-10-28 22:22:13.814 [http-nio-8080-exec-5] INFO  c.m.b.s.JwtAuthenticationFilter - Attempting to authenticate user: /api/rooms/available
2025-10-28 22:22:15.394 [http-nio-8080-exec-6] INFO  c.m.b.s.JwtAuthenticationFilter - Attempting to authenticate user: /api/rooms/2
2025-10-28 22:22:15.425 [http-nio-8080-exec-7] INFO  c.m.b.s.JwtAuthenticationFilter - Attempting to authenticate user: /api/bookings/room/2
2025-10-28 22:22:24.691 [http-nio-8080-exec-9] INFO  c.m.b.s.JwtAuthenticationFilter - Attempting to authenticate user: /api/bookings/my-bookings
2025-10-28 22:22:27.835 [http-nio-8080-exec-1] INFO  c.m.b.s.JwtAuthenticationFilter - Attempting to authenticate user: /api/rooms/2
2025-10-28 22:22:27.860 [http-nio-8080-exec-2] INFO  c.m.b.s.JwtAuthenticationFilter - Attempting to authenticate user: /api/bookings/room/2
2025-10-28 22:22:31.575 [http-nio-8080-exec-3] INFO  c.m.b.s.JwtAuthenticationFilter - Attempting to authenticate user: /api/bookings/my-bookings
2025-10-28 22:22:34.408 [http-nio-8080-exec-5] INFO  c.m.b.s.JwtAuthenticationFilter - Attempting to authenticate user: /api/rooms/1
2025-10-28 22:22:34.443 [http-nio-8080-exec-6] INFO  c.m.b.s.JwtAuthenticationFilter - Attempting to authenticate user: /api/bookings/room/1
2025-10-28 22:22:35.702 [http-nio-8080-exec-7] INFO  c.m.b.s.JwtAuthenticationFilter - Attempting to authenticate user: /api/bookings/my-bookings
2025-10-28 22:22:37.659 [http-nio-8080-exec-9] INFO  c.m.b.s.JwtAuthenticationFilter - Attempting to authenticate user: /api/rooms/2
2025-10-28 22:22:37.686 [http-nio-8080-exec-10] INFO  c.m.b.s.JwtAuthenticationFilter - Attempting to authenticate user: /api/bookings/room/2
2025-10-28 22:22:40.210 [http-nio-8080-exec-1] INFO  c.m.b.s.JwtAuthenticationFilter - Attempting to authenticate user: /api/bookings/my-bookings
2025-10-28 22:22:41.846 [http-nio-8080-exec-2] INFO  c.m.b.s.JwtAuthenticationFilter - Attempting to authenticate user: /api/rooms/1
2025-10-28 22:22:41.864 [http-nio-8080-exec-3] INFO  c.m.b.s.JwtAuthenticationFilter - Attempting to authenticate user: /api/bookings/room/1
2025-10-28 22:22:45.434 [http-nio-8080-exec-5] INFO  c.m.b.s.JwtAuthenticationFilter - Attempting to authenticate user: /api/dashboard
2025-10-28 22:22:45.496 [http-nio-8080-exec-6] INFO  c.m.b.s.JwtAuthenticationFilter - Attempting to authenticate user: /api/rooms/available
2025-10-28 22:23:01.624 [http-nio-8080-exec-8] INFO  c.m.b.s.JwtAuthenticationFilter - Attempting to authenticate user: /api/rooms/available
2025-10-28 22:23:05.092 [http-nio-8080-exec-10] INFO  c.m.b.s.JwtAuthenticationFilter - Attempting to authenticate user: /api/rooms/4
2025-10-28 22:23:05.131 [http-nio-8080-exec-1] INFO  c.m.b.s.JwtAuthenticationFilter - Attempting to authenticate user: /api/bookings/room/4
2025-10-28 22:23:21.267 [http-nio-8080-exec-3] INFO  c.m.b.s.JwtAuthenticationFilter - Attempting to authenticate user: /api/rooms/available
2025-10-28 22:23:24.147 [http-nio-8080-exec-5] INFO  c.m.b.s.JwtAuthenticationFilter - Attempting to authenticate user: /api/rooms/3
2025-10-28 22:23:24.177 [http-nio-8080-exec-6] INFO  c.m.b.s.JwtAuthenticationFilter - Attempting to authenticate user: /api/bookings/room/3
2025-10-28 22:23:30.328 [http-nio-8080-exec-8] INFO  c.m.b.s.JwtAuthenticationFilter - Attempting to authenticate user: /api/rooms/available
2025-10-28 22:23:32.241 [http-nio-8080-exec-9] INFO  c.m.b.s.JwtAuthenticationFilter - Attempting to authenticate user: /api/rooms/2
2025-10-28 22:23:32.291 [http-nio-8080-exec-10] INFO  c.m.b.s.JwtAuthenticationFilter - Attempting to authenticate user: /api/bookings/room/2
2025-10-28 22:23:40.334 [http-nio-8080-exec-2] INFO  c.m.b.s.JwtAuthenticationFilter - Attempting to authenticate user: /api/rooms/available
2025-10-28 22:23:42.433 [http-nio-8080-exec-3] INFO  c.m.b.s.JwtAuthenticationFilter - Attempting to authenticate user: /api/rooms/4
2025-10-28 22:23:42.449 [http-nio-8080-exec-4] INFO  c.m.b.s.JwtAuthenticationFilter - Attempting to authenticate user: /api/bookings/room/4
2025-10-28 22:24:43.933 [http-nio-8080-exec-6] INFO  c.m.b.s.JwtAuthenticationFilter - Attempting to authenticate user: /api/rooms/available
2025-10-28 22:25:08.095 [http-nio-8080-exec-8] INFO  c.m.b.s.JwtAuthenticationFilter - Attempting to authenticate user: /api/rooms/2
2025-10-28 22:25:08.112 [http-nio-8080-exec-9] INFO  c.m.b.s.JwtAuthenticationFilter - Attempting to authenticate user: /api/bookings/room/2
2025-10-28 22:25:18.069 [http-nio-8080-exec-1] INFO  c.m.b.s.JwtAuthenticationFilter - Attempting to authenticate user: /api/rooms/available
2025-10-28 22:25:18.771 [http-nio-8080-exec-2] INFO  c.m.b.s.JwtAuthenticationFilter - Attempting to authenticate user: /api/dashboard
2025-10-28 22:25:18.832 [http-nio-8080-exec-3] INFO  c.m.b.s.JwtAuthenticationFilter - Attempting to authenticate user: /api/rooms/available
2025-10-28 22:25:49.090 [http-nio-8080-exec-5] INFO  c.m.b.s.JwtAuthenticationFilter - Attempting to authenticate user: /api/bookings
2025-10-28 22:25:49.217 [http-nio-8080-exec-6] INFO  c.m.b.s.JwtAuthenticationFilter - Attempting to authenticate user: /api/dashboard
2025-10-28 22:26:11.813 [http-nio-8080-exec-8] INFO  c.m.b.s.JwtAuthenticationFilter - Attempting to authenticate user: /api/rooms/available
2025-10-28 22:26:31.244 [http-nio-8080-exec-10] INFO  c.m.b.s.JwtAuthenticationFilter - Attempting to authenticate user: /api/rooms/2
2025-10-28 22:26:31.335 [http-nio-8080-exec-1] INFO  c.m.b.s.JwtAuthenticationFilter - Attempting to authenticate user: /api/bookings/room/2
2025-10-28 22:44:13.137 [http-nio-8080-exec-2] INFO  c.m.b.s.JwtAuthenticationFilter - Attempting to authenticate user: /api/rooms/available
2025-10-28 22:44:21.852 [http-nio-8080-exec-4] INFO  c.m.b.s.JwtAuthenticationFilter - Attempting to authenticate user: /api/rooms/1
2025-10-28 22:44:21.917 [http-nio-8080-exec-5] INFO  c.m.b.s.JwtAuthenticationFilter - Attempting to authenticate user: /api/bookings/room/1
2025-10-28 22:44:28.130 [http-nio-8080-exec-7] INFO  c.m.b.s.JwtAuthenticationFilter - Attempting to authenticate user: /api/rooms/available
2025-10-28 22:44:29.324 [http-nio-8080-exec-9] INFO  c.m.b.s.JwtAuthenticationFilter - Attempting to authenticate user: /api/rooms/2
2025-10-28 22:44:29.359 [http-nio-8080-exec-10] INFO  c.m.b.s.JwtAuthenticationFilter - Attempting to authenticate user: /api/bookings/room/2
2025-10-28 22:44:35.519 [http-nio-8080-exec-2] INFO  c.m.b.s.JwtAuthenticationFilter - Attempting to authenticate user: /api/rooms/available
2025-10-28 22:44:37.173 [http-nio-8080-exec-3] INFO  c.m.b.s.JwtAuthenticationFilter - Attempting to authenticate user: /api/rooms/4
2025-10-28 22:44:37.194 [http-nio-8080-exec-4] INFO  c.m.b.s.JwtAuthenticationFilter - Attempting to authenticate user: /api/bookings/room/4
2025-10-28 22:44:43.491 [http-nio-8080-exec-6] INFO  c.m.b.s.JwtAuthenticationFilter - Attempting to authenticate user: /api/rooms/available
2025-10-28 22:44:44.799 [http-nio-8080-exec-8] INFO  c.m.b.s.JwtAuthenticationFilter - Attempting to authenticate user: /api/rooms/3
2025-10-28 22:44:44.817 [http-nio-8080-exec-9] INFO  c.m.b.s.JwtAuthenticationFilter - Attempting to authenticate user: /api/bookings/room/3
2025-10-28 22:44:49.856 [http-nio-8080-exec-1] INFO  c.m.b.s.JwtAuthenticationFilter - Attempting to authenticate user: /api/rooms/available
2025-10-28 22:44:51.455 [http-nio-8080-exec-3] INFO  c.m.b.s.JwtAuthenticationFilter - Attempting to authenticate user: /api/bookings/my-bookings
2025-10-28 22:44:57.259 [http-nio-8080-exec-6] INFO  c.m.b.s.JwtAuthenticationFilter - Attempting to authenticate user: /api/bookings/3
2025-10-28 22:45:03.775 [http-nio-8080-exec-8] INFO  c.m.b.s.JwtAuthenticationFilter - Attempting to authenticate user: /api/rooms/available
2025-10-28 22:45:04.969 [http-nio-8080-exec-9] INFO  c.m.b.s.JwtAuthenticationFilter - Attempting to authenticate user: /api/rooms/2
2025-10-28 22:45:04.996 [http-nio-8080-exec-10] INFO  c.m.b.s.JwtAuthenticationFilter - Attempting to authenticate user: /api/bookings/room/2
2025-10-28 22:45:10.303 [http-nio-8080-exec-2] INFO  c.m.b.s.JwtAuthenticationFilter - Attempting to authenticate user: /api/rooms/available
2025-10-28 22:45:11.815 [http-nio-8080-exec-3] INFO  c.m.b.s.JwtAuthenticationFilter - Attempting to authenticate user: /api/rooms/2
2025-10-28 22:45:11.840 [http-nio-8080-exec-4] INFO  c.m.b.s.JwtAuthenticationFilter - Attempting to authenticate user: /api/bookings/room/2
2025-10-28 22:45:16.477 [http-nio-8080-exec-6] INFO  c.m.b.s.JwtAuthenticationFilter - Attempting to authenticate user: /api/rooms/available
2025-10-28 22:45:17.574 [http-nio-8080-exec-7] INFO  c.m.b.s.JwtAuthenticationFilter - Attempting to authenticate user: /api/rooms/1
2025-10-28 22:45:17.596 [http-nio-8080-exec-8] INFO  c.m.b.s.JwtAuthenticationFilter - Attempting to authenticate user: /api/bookings/room/1
2025-10-28 22:45:23.214 [http-nio-8080-exec-10] INFO  c.m.b.s.JwtAuthenticationFilter - Attempting to authenticate user: /api/rooms/available
2025-10-28 22:45:24.607 [http-nio-8080-exec-2] INFO  c.m.b.s.JwtAuthenticationFilter - Attempting to authenticate user: /api/rooms/1
2025-10-28 22:45:24.629 [http-nio-8080-exec-3] INFO  c.m.b.s.JwtAuthenticationFilter - Attempting to authenticate user: /api/bookings/room/1
2025-10-28 22:45:29.267 [http-nio-8080-exec-5] INFO  c.m.b.s.JwtAuthenticationFilter - Attempting to authenticate user: /api/rooms/available
2025-10-28 22:45:30.355 [http-nio-8080-exec-6] INFO  c.m.b.s.JwtAuthenticationFilter - Attempting to authenticate user: /api/rooms/3
2025-10-28 22:45:30.381 [http-nio-8080-exec-7] INFO  c.m.b.s.JwtAuthenticationFilter - Attempting to authenticate user: /api/bookings/room/3
2025-10-28 22:45:34.121 [http-nio-8080-exec-9] INFO  c.m.b.s.JwtAuthenticationFilter - Attempting to authenticate user: /api/rooms/available
2025-10-28 22:45:35.943 [http-nio-8080-exec-10] INFO  c.m.b.s.JwtAuthenticationFilter - Attempting to authenticate user: /api/rooms/3
2025-10-28 22:45:35.960 [http-nio-8080-exec-1] INFO  c.m.b.s.JwtAuthenticationFilter - Attempting to authenticate user: /api/bookings/room/3
2025-10-28 22:45:40.387 [http-nio-8080-exec-3] INFO  c.m.b.s.JwtAuthenticationFilter - Attempting to authenticate user: /api/rooms/available
2025-10-28 22:45:41.271 [http-nio-8080-exec-4] INFO  c.m.b.s.JwtAuthenticationFilter - Attempting to authenticate user: /api/rooms/1
2025-10-28 22:45:41.286 [http-nio-8080-exec-5] INFO  c.m.b.s.JwtAuthenticationFilter - Attempting to authenticate user: /api/bookings/room/1
2025-10-28 22:45:44.420 [http-nio-8080-exec-7] INFO  c.m.b.s.JwtAuthenticationFilter - Attempting to authenticate user: /api/rooms/available
2025-10-28 22:45:51.112 [http-nio-8080-exec-9] INFO  c.m.b.s.JwtAuthenticationFilter - Attempting to authenticate user: /api/bookings/my-bookings
2025-10-28 22:45:56.862 [http-nio-8080-exec-2] INFO  c.m.b.s.JwtAuthenticationFilter - Attempting to authenticate user: /api/bookings/2
2025-10-28 22:47:02.701 [http-nio-8080-exec-1] INFO  c.m.b.s.JwtAuthenticationFilter - Attempting to authenticate user: /api/rooms/available
2025-10-28 22:47:04.392 [http-nio-8080-exec-3] INFO  c.m.b.s.JwtAuthenticationFilter - Attempting to authenticate user: /api/rooms/2
2025-10-28 22:47:04.450 [http-nio-8080-exec-4] INFO  c.m.b.s.JwtAuthenticationFilter - Attempting to authenticate user: /api/bookings/room/2
2025-10-28 22:47:07.121 [http-nio-8080-exec-5] INFO  c.m.b.s.JwtAuthenticationFilter - Attempting to authenticate user: /api/bookings/my-bookings
2025-10-28 22:47:12.172 [http-nio-8080-exec-8] INFO  c.m.b.s.JwtAuthenticationFilter - Attempting to authenticate user: /api/bookings/4
2025-10-28 22:48:18.164 [http-nio-8080-exec-10] INFO  c.m.b.s.JwtAuthenticationFilter - Attempting to authenticate user: /api/bookings/2
2025-10-28 22:48:40.380 [http-nio-8080-exec-1] INFO  c.m.b.s.JwtAuthenticationFilter - Attempting to authenticate user: /api/rooms/2
2025-10-28 22:48:40.416 [http-nio-8080-exec-2] INFO  c.m.b.s.JwtAuthenticationFilter - Attempting to authenticate user: /api/bookings/room/2
2025-10-28 22:48:48.966 [http-nio-8080-exec-4] INFO  c.m.b.s.JwtAuthenticationFilter - Attempting to authenticate user: /api/rooms/available
2025-10-28 22:48:51.087 [http-nio-8080-exec-5] INFO  c.m.b.s.JwtAuthenticationFilter - Attempting to authenticate user: /api/bookings/my-bookings
2025-10-28 22:49:06.674 [http-nio-8080-exec-7] INFO  c.m.b.s.JwtAuthenticationFilter - Attempting to authenticate user: /api/bookings/2
2025-10-28 22:50:06.914 [http-nio-8080-exec-9] INFO  c.m.b.s.JwtAuthenticationFilter - Attempting to authenticate user: /api/rooms/available
2025-10-28 22:50:08.130 [http-nio-8080-exec-10] INFO  c.m.b.s.JwtAuthenticationFilter - Attempting to authenticate user: /api/rooms/2
2025-10-28 22:50:08.161 [http-nio-8080-exec-1] INFO  c.m.b.s.JwtAuthenticationFilter - Attempting to authenticate user: /api/bookings/room/2
2025-10-28 22:50:32.229 [http-nio-8080-exec-3] INFO  c.m.b.s.JwtAuthenticationFilter - Attempting to authenticate user: /api/bookings
2025-10-28 22:50:59.560 [http-nio-8080-exec-4] INFO  c.m.b.s.JwtAuthenticationFilter - Attempting to authenticate user: /api/bookings
2025-10-28 22:51:00.971 [http-nio-8080-exec-5] INFO  c.m.b.s.JwtAuthenticationFilter - Attempting to authenticate user: /api/bookings
2025-10-28 22:51:01.506 [http-nio-8080-exec-6] INFO  c.m.b.s.JwtAuthenticationFilter - Attempting to authenticate user: /api/bookings
2025-10-28 22:51:01.775 [http-nio-8080-exec-7] INFO  c.m.b.s.JwtAuthenticationFilter - Attempting to authenticate user: /api/bookings
2025-10-28 22:51:02.019 [http-nio-8080-exec-8] INFO  c.m.b.s.JwtAuthenticationFilter - Attempting to authenticate user: /api/bookings
2025-10-28 22:51:02.261 [http-nio-8080-exec-9] INFO  c.m.b.s.JwtAuthenticationFilter - Attempting to authenticate user: /api/bookings
2025-10-28 22:51:27.835 [http-nio-8080-exec-1] INFO  c.m.b.s.JwtAuthenticationFilter - Attempting to authenticate user: /api/bookings
2025-10-28 22:51:28.875 [http-nio-8080-exec-3] INFO  c.m.b.s.JwtAuthenticationFilter - Attempting to authenticate user: /api/bookings
2025-10-28 22:51:29.093 [http-nio-8080-exec-4] INFO  c.m.b.s.JwtAuthenticationFilter - Attempting to authenticate user: /api/bookings
2025-10-28 22:51:29.307 [http-nio-8080-exec-5] INFO  c.m.b.s.JwtAuthenticationFilter - Attempting to authenticate user: /api/bookings
2025-10-28 22:51:29.507 [http-nio-8080-exec-6] INFO  c.m.b.s.JwtAuthenticationFilter - Attempting to authenticate user: /api/bookings
2025-10-28 22:51:29.741 [http-nio-8080-exec-7] INFO  c.m.b.s.JwtAuthenticationFilter - Attempting to authenticate user: /api/bookings
2025-10-28 22:54:58.903 [http-nio-8080-exec-1] INFO  c.m.b.s.JwtAuthenticationFilter - Attempting to authenticate user: /api/bookings
2025-10-28 22:55:02.044 [http-nio-8080-exec-2] INFO  c.m.b.s.JwtAuthenticationFilter - Attempting to authenticate user: /api/bookings
2025-10-28 22:55:03.385 [http-nio-8080-exec-3] INFO  c.m.b.s.JwtAuthenticationFilter - Attempting to authenticate user: /api/bookings
2025-10-28 22:55:04.903 [http-nio-8080-exec-5] INFO  c.m.b.s.JwtAuthenticationFilter - Attempting to authenticate user: /api/bookings
2025-10-28 22:59:07.063 [http-nio-8080-exec-1] INFO  c.m.b.s.JwtAuthenticationFilter - Attempting to authenticate user: /api/rooms/available
2025-10-28 22:59:09.389 [http-nio-8080-exec-3] INFO  c.m.b.s.JwtAuthenticationFilter - Attempting to authenticate user: /api/rooms/2
2025-10-28 22:59:09.437 [http-nio-8080-exec-4] INFO  c.m.b.s.JwtAuthenticationFilter - Attempting to authenticate user: /api/bookings/room/2
2025-10-28 22:59:40.378 [http-nio-8080-exec-6] INFO  c.m.b.s.JwtAuthenticationFilter - Attempting to authenticate user: /api/bookings
2025-10-28 22:59:48.789 [http-nio-8080-exec-7] INFO  c.m.b.s.JwtAuthenticationFilter - Attempting to authenticate user: /api/bookings
2025-10-28 23:01:27.060 [http-nio-8080-exec-1] INFO  c.m.b.s.JwtAuthenticationFilter - Attempting to authenticate user: /api/bookings
2025-10-28 23:02:00.023 [http-nio-8080-exec-2] INFO  c.m.b.s.JwtAuthenticationFilter - Attempting to authenticate user: /api/bookings
2025-10-28 23:04:52.228 [http-nio-8080-exec-4] INFO  c.m.b.s.JwtAuthenticationFilter - Attempting to authenticate user: /api/rooms/2
2025-10-28 23:04:52.228 [http-nio-8080-exec-5] INFO  c.m.b.s.JwtAuthenticationFilter - Attempting to authenticate user: /api/bookings/my-bookings
2025-10-28 23:04:52.235 [http-nio-8080-exec-6] INFO  c.m.b.s.JwtAuthenticationFilter - Attempting to authenticate user: /api/rooms/1
2025-10-28 23:04:53.036 [http-nio-8080-exec-7] INFO  c.m.b.s.JwtAuthenticationFilter - Attempting to authenticate user: /api/bookings/room/2
2025-10-28 23:04:53.064 [http-nio-8080-exec-9] INFO  c.m.b.s.JwtAuthenticationFilter - Attempting to authenticate user: /api/bookings/room/1
2025-10-28 23:04:57.130 [http-nio-8080-exec-10] INFO  c.m.b.s.JwtAuthenticationFilter - Attempting to authenticate user: /api/rooms/available
2025-10-28 23:04:58.478 [http-nio-8080-exec-1] INFO  c.m.b.s.JwtAuthenticationFilter - Attempting to authenticate user: /api/rooms/2
2025-10-28 23:04:58.506 [http-nio-8080-exec-3] INFO  c.m.b.s.JwtAuthenticationFilter - Attempting to authenticate user: /api/bookings/room/2
2025-10-28 23:05:20.204 [http-nio-8080-exec-2] INFO  c.m.b.s.JwtAuthenticationFilter - Attempting to authenticate user: /api/bookings
2025-10-28 23:05:23.860 [http-nio-8080-exec-4] INFO  c.m.b.s.JwtAuthenticationFilter - Attempting to authenticate user: /api/bookings/room/2
2025-10-28 23:05:29.489 [http-nio-8080-exec-7] INFO  c.m.b.s.JwtAuthenticationFilter - Attempting to authenticate user: /api/bookings/my-bookings
2025-10-28 23:05:32.193 [http-nio-8080-exec-5] INFO  c.m.b.s.JwtAuthenticationFilter - Attempting to authenticate user: /api/bookings/5
2025-10-28 23:05:46.566 [http-nio-8080-exec-10] INFO  c.m.b.s.JwtAuthenticationFilter - Attempting to authenticate user: /api/dashboard
2025-10-28 23:05:53.009 [http-nio-8080-exec-1] INFO  c.m.b.s.JwtAuthenticationFilter - Attempting to authenticate user: /api/rooms/available
2025-10-28 23:07:36.187 [http-nio-8080-exec-2] INFO  c.m.b.s.JwtAuthenticationFilter - Attempting to authenticate user: /api/bookings/my-bookings
2025-10-28 23:07:38.068 [http-nio-8080-exec-4] INFO  c.m.b.s.JwtAuthenticationFilter - Attempting to authenticate user: /api/rooms/available
2025-10-28 23:07:39.914 [http-nio-8080-exec-7] INFO  c.m.b.s.JwtAuthenticationFilter - Attempting to authenticate user: /api/dashboard
2025-10-28 23:07:50.847 [http-nio-8080-exec-8] INFO  c.m.b.s.JwtAuthenticationFilter - Attempting to authenticate user: /api/rooms/available
2025-10-28 23:08:01.311 [http-nio-8080-exec-1] INFO  c.m.b.s.JwtAuthenticationFilter - Attempting to authenticate user: /api/rooms/available
2025-10-28 23:08:02.808 [http-nio-8080-exec-2] INFO  c.m.b.s.JwtAuthenticationFilter - Attempting to authenticate user: /api/bookings/my-bookings
2025-10-28 23:08:03.780 [http-nio-8080-exec-3] INFO  c.m.b.s.JwtAuthenticationFilter - Attempting to authenticate user: /api/rooms/available
2025-10-28 23:08:05.100 [http-nio-8080-exec-4] INFO  c.m.b.s.JwtAuthenticationFilter - Attempting to authenticate user: /api/rooms/2
2025-10-28 23:08:05.141 [http-nio-8080-exec-5] INFO  c.m.b.s.JwtAuthenticationFilter - Attempting to authenticate user: /api/bookings/room/2
2025-10-28 23:08:10.566 [http-nio-8080-exec-7] INFO  c.m.b.s.JwtAuthenticationFilter - Attempting to authenticate user: /api/rooms/available
2025-10-28 23:08:11.464 [http-nio-8080-exec-10] INFO  c.m.b.s.JwtAuthenticationFilter - Attempting to authenticate user: /api/rooms/1
2025-10-28 23:08:11.494 [http-nio-8080-exec-2] INFO  c.m.b.s.JwtAuthenticationFilter - Attempting to authenticate user: /api/bookings/room/1
2025-10-28 23:08:14.683 [http-nio-8080-exec-3] INFO  c.m.b.s.JwtAuthenticationFilter - Attempting to authenticate user: /api/rooms/available
2025-10-28 23:08:15.635 [http-nio-8080-exec-4] INFO  c.m.b.s.JwtAuthenticationFilter - Attempting to authenticate user: /api/rooms/2
2025-10-28 23:08:15.655 [http-nio-8080-exec-5] INFO  c.m.b.s.JwtAuthenticationFilter - Attempting to authenticate user: /api/bookings/room/2
2025-10-28 23:08:42.371 [http-nio-8080-exec-8] INFO  c.m.b.s.JwtAuthenticationFilter - Attempting to authenticate user: /api/auth/signup
2025-10-28 23:08:42.432 [http-nio-8080-exec-8] INFO  c.m.b.controller.AuthController - Registering user request: muhamad.sandy
2025-10-28 23:08:42.435 [http-nio-8080-exec-8] INFO  c.m.booking.service.AuthService - Registering new user: muhamad.sandy
2025-10-28 23:08:48.755 [http-nio-8080-exec-1] INFO  c.m.b.s.JwtAuthenticationFilter - Attempting to authenticate user: /api/auth/signin
2025-10-28 23:08:48.765 [http-nio-8080-exec-1] INFO  c.m.b.controller.AuthController - Authenticating user request: muhamad.sandy
2025-10-28 23:08:48.765 [http-nio-8080-exec-1] INFO  c.m.booking.service.AuthService - Authenticating user request: muhamad.sandy
2025-10-28 23:08:48.961 [http-nio-8080-exec-2] INFO  c.m.b.s.JwtAuthenticationFilter - Attempting to authenticate user: /api/rooms/available
2025-10-28 23:08:51.938 [http-nio-8080-exec-4] INFO  c.m.b.s.JwtAuthenticationFilter - Attempting to authenticate user: /api/bookings/my-bookings
2025-10-28 23:08:53.595 [http-nio-8080-exec-5] INFO  c.m.b.s.JwtAuthenticationFilter - Attempting to authenticate user: /api/dashboard
2025-10-28 23:08:53.674 [http-nio-8080-exec-6] INFO  c.m.b.s.JwtAuthenticationFilter - Attempting to authenticate user: /api/rooms/available
2025-10-28 23:09:04.687 [http-nio-8080-exec-8] INFO  c.m.b.s.JwtAuthenticationFilter - Attempting to authenticate user: /api/rooms/available
2025-10-28 23:09:05.700 [http-nio-8080-exec-9] INFO  c.m.b.s.JwtAuthenticationFilter - Attempting to authenticate user: /api/bookings/my-bookings
2025-10-28 23:09:07.027 [http-nio-8080-exec-1] INFO  c.m.b.s.JwtAuthenticationFilter - Attempting to authenticate user: /api/rooms/available
2025-10-28 23:09:10.693 [http-nio-8080-exec-2] INFO  c.m.b.s.JwtAuthenticationFilter - Attempting to authenticate user: /api/dashboard
2025-10-28 23:09:10.743 [http-nio-8080-exec-3] INFO  c.m.b.s.JwtAuthenticationFilter - Attempting to authenticate user: /api/rooms/available
2025-10-28 23:11:14.500 [http-nio-8080-exec-1] INFO  c.m.b.s.JwtAuthenticationFilter - Attempting to authenticate user: /api/auth/signin
2025-10-28 23:11:14.536 [http-nio-8080-exec-1] INFO  c.m.b.controller.AuthController - Authenticating user request: muhamad.sandy
2025-10-28 23:11:14.536 [http-nio-8080-exec-1] INFO  c.m.booking.service.AuthService - Authenticating user request: muhamad.sandy
2025-10-28 23:11:14.753 [http-nio-8080-exec-2] INFO  c.m.b.s.JwtAuthenticationFilter - Attempting to authenticate user: /api/rooms/available
2025-10-28 23:11:20.996 [http-nio-8080-exec-4] INFO  c.m.b.s.JwtAuthenticationFilter - Attempting to authenticate user: /api/rooms/2
2025-10-28 23:11:21.051 [http-nio-8080-exec-6] INFO  c.m.b.s.JwtAuthenticationFilter - Attempting to authenticate user: /api/bookings/room/2
2025-10-28 23:11:55.709 [http-nio-8080-exec-7] INFO  c.m.b.s.JwtAuthenticationFilter - Attempting to authenticate user: /api/bookings/my-bookings
2025-10-28 23:11:58.484 [http-nio-8080-exec-8] INFO  c.m.b.s.JwtAuthenticationFilter - Attempting to authenticate user: /api/dashboard
2025-10-28 23:11:58.571 [http-nio-8080-exec-9] INFO  c.m.b.s.JwtAuthenticationFilter - Attempting to authenticate user: /api/rooms/available
2025-10-28 23:23:52.800 [http-nio-8080-exec-9] INFO  c.m.b.s.JwtAuthenticationFilter - Attempting to authenticate user: /api/rooms/1
2025-10-28 23:23:53.110 [http-nio-8080-exec-1] INFO  c.m.b.s.JwtAuthenticationFilter - Attempting to authenticate user: /api/bookings/room/1
2025-10-28 23:23:58.391 [http-nio-8080-exec-2] INFO  c.m.b.s.JwtAuthenticationFilter - Attempting to authenticate user: /api/dashboard
2025-10-28 23:23:58.467 [http-nio-8080-exec-3] INFO  c.m.b.s.JwtAuthenticationFilter - Attempting to authenticate user: /api/rooms/available
2025-10-28 23:24:00.239 [http-nio-8080-exec-4] INFO  c.m.b.s.JwtAuthenticationFilter - Attempting to authenticate user: /api/bookings/my-bookings
2025-10-28 23:24:01.896 [http-nio-8080-exec-5] INFO  c.m.b.s.JwtAuthenticationFilter - Attempting to authenticate user: /api/rooms/available
2025-10-28 23:24:05.985 [http-nio-8080-exec-6] INFO  c.m.b.s.JwtAuthenticationFilter - Attempting to authenticate user: /api/dashboard
2025-10-28 23:24:06.024 [http-nio-8080-exec-7] INFO  c.m.b.s.JwtAuthenticationFilter - Attempting to authenticate user: /api/rooms/available
2025-10-28 23:24:16.499 [http-nio-8080-exec-8] INFO  c.m.b.s.JwtAuthenticationFilter - Attempting to authenticate user: /api/rooms/2
2025-10-28 23:24:16.525 [http-nio-8080-exec-9] INFO  c.m.b.s.JwtAuthenticationFilter - Attempting to authenticate user: /api/bookings/room/2
2025-10-28 23:26:49.440 [http-nio-8080-exec-2] INFO  c.m.b.s.JwtAuthenticationFilter - Attempting to authenticate user: /api/rooms/1
2025-10-28 23:26:49.522 [http-nio-8080-exec-3] INFO  c.m.b.s.JwtAuthenticationFilter - Attempting to authenticate user: /api/bookings/room/1
2025-10-28 23:26:51.699 [http-nio-8080-exec-4] INFO  c.m.b.s.JwtAuthenticationFilter - Attempting to authenticate user: /api/rooms/1
2025-10-28 23:26:51.720 [http-nio-8080-exec-5] INFO  c.m.b.s.JwtAuthenticationFilter - Attempting to authenticate user: /api/bookings/room/1
2025-10-28 23:29:03.916 [http-nio-8080-exec-2] INFO  c.m.b.s.JwtAuthenticationFilter - Attempting to authenticate user: /api/auth/signin
2025-10-28 23:29:03.954 [http-nio-8080-exec-2] INFO  c.m.b.controller.AuthController - Authenticating user request: john
2025-10-28 23:29:03.954 [http-nio-8080-exec-2] INFO  c.m.booking.service.AuthService - Authenticating user request: john
2025-10-28 23:29:04.209 [http-nio-8080-exec-4] INFO  c.m.b.s.JwtAuthenticationFilter - Attempting to authenticate user: /api/rooms/available
2025-10-28 23:29:07.511 [http-nio-8080-exec-6] INFO  c.m.b.s.JwtAuthenticationFilter - Attempting to authenticate user: /api/bookings/my-bookings
2025-10-28 23:29:08.729 [http-nio-8080-exec-9] INFO  c.m.b.s.JwtAuthenticationFilter - Attempting to authenticate user: /api/dashboard
2025-10-28 23:29:08.819 [http-nio-8080-exec-10] INFO  c.m.b.s.JwtAuthenticationFilter - Attempting to authenticate user: /api/rooms/available
2025-10-28 23:29:15.756 [http-nio-8080-exec-2] INFO  c.m.b.s.JwtAuthenticationFilter - Attempting to authenticate user: /api/auth/signin
2025-10-28 23:29:15.760 [http-nio-8080-exec-2] INFO  c.m.b.controller.AuthController - Authenticating user request: muhamad.sandy
2025-10-28 23:29:15.760 [http-nio-8080-exec-2] INFO  c.m.booking.service.AuthService - Authenticating user request: muhamad.sandy
2025-10-28 23:29:15.908 [http-nio-8080-exec-3] INFO  c.m.b.s.JwtAuthenticationFilter - Attempting to authenticate user: /api/rooms/available
